=== GPG Environment ===
GNUPGHOME=
GPG_DIR=/home/runner/.gnupg
USER=runner
HOME=/home/runner
=== Files in GPG_DIR ===
total 32
drwx------  3 runner runner 4096 Jun 23 13:39 .
drwxr-x--- 12 runner runner 4096 Jun 23 13:39 ..
-rw-r--r--  1 runner runner   95 Jun 23 13:39 gpg-agent.conf
-rw-r--r--  1 runner runner   23 Jun 23 13:39 gpg.conf
drwx------  2 runner runner 4096 Jun 23 13:39 private-keys-v1.d
-rw-r--r--  1 runner runner  648 Jun 23 13:39 pubring.kbx
-rw-------  1 runner runner   32 Jun 23 13:39 pubring.kbx~
-rw-------  1 runner runner 1200 Jun 23 13:39 trustdb.gpg
=== gpg-agent.conf ===
default-cache-ttl 21600
max-cache-ttl 31536000
allow-preset-passphrase
allow-loopback-pinentry
=== gpg.conf ===
pinentry-mode loopback
=== GPG Agent Status ===
D 2.4.4
OK
